    OpenRGB v0.9+ (1.0rc2)
    Commit:  from 
    Launched: 20260130_220748
====================================================================================================

0     |Info:    [ProfileManager] Found file: tristannolan.orp attempting to validate header
0     |Info:    [ProfileManager] Valid v5 profile found for tristannolan
53    |Info:    [ResourceManager] Initializing HID interfaces: Success
53    |Info:    ------------------------------------------------------
53    |Info:    |               Start device detection               |
53    |Info:    ------------------------------------------------------
60    |Info:    ------------------------------------------------------
60    |Info:    |             Detecting I2C interfaces               |
60    |Info:    ------------------------------------------------------
60    |Info:    [ResourceManager] Registering I2C interface: /dev/i2c-3 Device 10DE:2489 Subsystem: 10DE:153C
60    |Info:    [ResourceManager] Registering I2C interface: /dev/i2c-1 Device 1022:790B Subsystem: 1458:5001
61    |Info:    [ResourceManager] Registering I2C interface: /dev/i2c-8 Device 10DE:2489 Subsystem: 10DE:153C
61    |Info:    [ResourceManager] Registering I2C interface: /dev/i2c-6 Device 10DE:2489 Subsystem: 10DE:153C
61    |Info:    [ResourceManager] Registering I2C interface: /dev/i2c-4 Device 10DE:2489 Subsystem: 10DE:153C
61    |Info:    [ResourceManager] Registering I2C interface: /dev/i2c-2 Device 1022:790B Subsystem: 1458:5001
61    |Info:    [ResourceManager] Registering I2C interface: /dev/i2c-0 Device 1022:790B Subsystem: 1458:5001
61    |Info:    [ResourceManager] Registering I2C interface: /dev/i2c-7 Device 10DE:2489 Subsystem: 10DE:153C
61    |Info:    [ResourceManager] Registering I2C interface: /dev/i2c-5 Device 10DE:2489 Subsystem: 10DE:153C
61    |Info:    ------------------------------------------------------
61    |Info:    |               Detecting I2C devices                |
61    |Info:    ------------------------------------------------------
865   |Info:    [Corsair Dominator Platinum] Registering RGB controller
888   |Info:    [Corsair Dominator Platinum] Registering RGB controller
1038  |Info:    ------------------------------------------------------
1038  |Info:    |            Detecting I2C DIMM modules              |
1038  |Info:    ------------------------------------------------------
1896  |Info:    [ResourceManager] Detected occupied slot 1, bus 6, type DDR4
3183  |Info:    [ResourceManager] Detected occupied slot 3, bus 6, type DDR4
4238  |Info:    ------------------------------------------------------
4238  |Info:    |               Detecting I2C PCI devices            |
4238  |Info:    ------------------------------------------------------
4239  |Info:    ------------------------------------------------------
4239  |Info:    |               Detecting HID devices                |
4239  |Info:    ------------------------------------------------------
4385  |Info:    [B550M DS3H] Registering RGB controller
4386  |Info:    ------------------------------------------------------
4386  |Info:    |            Detecting libusb HID devices            |
4386  |Info:    ------------------------------------------------------
4405  |Info:    ------------------------------------------------------
4405  |Info:    |              Detecting other devices               |
4405  |Info:    ------------------------------------------------------
4423  |Info:    [ResourceManager] Calling Post-detection callbacks
4423  |Info:    ------------------------------------------------------
4423  |Info:    |                Detection completed                 |
4423  |Info:    ------------------------------------------------------
40591 |Info:    [ProfileManager] Found file: tristannolan.orp attempting to validate header
40591 |Info:    [ProfileManager] Valid v5 profile found for tristannolan
41344 |Info:    [ProfileManager] Found file: tristannolan.orp attempting to validate header
41344 |Info:    [ProfileManager] Valid v5 profile found for tristannolan
