    OpenRGB v0.9+ (1.0rc2)
    Commit:  from 
    Launched: 20260130_220435
====================================================================================================

1     |Info:    [ProfileManager] Found file: tristannolan.orp attempting to validate header
1     |Info:    [ProfileManager] Valid v5 profile found for tristannolan
68    |Info:    [ResourceManager] Initializing HID interfaces: Success
68    |Info:    ------------------------------------------------------
68    |Info:    |               Start device detection               |
68    |Info:    ------------------------------------------------------
75    |Info:    ------------------------------------------------------
75    |Info:    |             Detecting I2C interfaces               |
75    |Info:    ------------------------------------------------------
76    |Info:    [ResourceManager] Registering I2C interface: /dev/i2c-3 Device 10DE:2489 Subsystem: 10DE:153C
76    |Info:    [ResourceManager] Registering I2C interface: /dev/i2c-1 Device 1022:790B Subsystem: 1458:5001
76    |Info:    [ResourceManager] Registering I2C interface: /dev/i2c-8 Device 10DE:2489 Subsystem: 10DE:153C
76    |Info:    [ResourceManager] Registering I2C interface: /dev/i2c-6 Device 10DE:2489 Subsystem: 10DE:153C
76    |Info:    [ResourceManager] Registering I2C interface: /dev/i2c-4 Device 10DE:2489 Subsystem: 10DE:153C
76    |Info:    [ResourceManager] Registering I2C interface: /dev/i2c-2 Device 1022:790B Subsystem: 1458:5001
77    |Info:    [ResourceManager] Registering I2C interface: /dev/i2c-0 Device 1022:790B Subsystem: 1458:5001
77    |Info:    [ResourceManager] Registering I2C interface: /dev/i2c-7 Device 10DE:2489 Subsystem: 10DE:153C
77    |Info:    [ResourceManager] Registering I2C interface: /dev/i2c-5 Device 10DE:2489 Subsystem: 10DE:153C
77    |Info:    ------------------------------------------------------
77    |Info:    |               Detecting I2C devices                |
77    |Info:    ------------------------------------------------------
866   |Info:    [Corsair Dominator Platinum] Registering RGB controller
889   |Info:    [Corsair Dominator Platinum] Registering RGB controller
1038  |Info:    ------------------------------------------------------
1038  |Info:    |            Detecting I2C DIMM modules              |
1038  |Info:    ------------------------------------------------------
1896  |Info:    [ResourceManager] Detected occupied slot 1, bus 6, type DDR4
3182  |Info:    [ResourceManager] Detected occupied slot 3, bus 6, type DDR4
4236  |Info:    ------------------------------------------------------
4236  |Info:    |               Detecting I2C PCI devices            |
4236  |Info:    ------------------------------------------------------
4237  |Info:    ------------------------------------------------------
4237  |Info:    |               Detecting HID devices                |
4237  |Info:    ------------------------------------------------------
4385  |Info:    [B550M DS3H] Registering RGB controller
4385  |Info:    ------------------------------------------------------
4385  |Info:    |            Detecting libusb HID devices            |
4385  |Info:    ------------------------------------------------------
4405  |Info:    ------------------------------------------------------
4405  |Info:    |              Detecting other devices               |
4405  |Info:    ------------------------------------------------------
4427  |Info:    [ResourceManager] Calling Post-detection callbacks
4427  |Info:    ------------------------------------------------------
4427  |Info:    |                Detection completed                 |
4427  |Info:    ------------------------------------------------------
