    OpenRGB v0.9+ (1.0rc2)
    Commit:  from 
    Launched: 20260130_221055
====================================================================================================

0     |Info:    [ProfileManager] Found file: tristannolan.orp attempting to validate header
0     |Info:    [ProfileManager] Valid v5 profile found for tristannolan
53    |Info:    [ResourceManager] Initializing HID interfaces: Success
53    |Info:    ------------------------------------------------------
53    |Info:    |               Start device detection               |
53    |Info:    ------------------------------------------------------
60    |Info:    ------------------------------------------------------
60    |Info:    |             Detecting I2C interfaces               |
60    |Info:    ------------------------------------------------------
60    |Info:    [ResourceManager] Registering I2C interface: /dev/i2c-3 Device 10DE:2489 Subsystem: 10DE:153C
60    |Info:    [ResourceManager] Registering I2C interface: /dev/i2c-1 Device 1022:790B Subsystem: 1458:5001
60    |Info:    [ResourceManager] Registering I2C interface: /dev/i2c-8 Device 10DE:2489 Subsystem: 10DE:153C
60    |Info:    [ResourceManager] Registering I2C interface: /dev/i2c-6 Device 10DE:2489 Subsystem: 10DE:153C
60    |Info:    [ResourceManager] Registering I2C interface: /dev/i2c-4 Device 10DE:2489 Subsystem: 10DE:153C
61    |Info:    [ResourceManager] Registering I2C interface: /dev/i2c-2 Device 1022:790B Subsystem: 1458:5001
61    |Info:    [ResourceManager] Registering I2C interface: /dev/i2c-0 Device 1022:790B Subsystem: 1458:5001
61    |Info:    [ResourceManager] Registering I2C interface: /dev/i2c-7 Device 10DE:2489 Subsystem: 10DE:153C
61    |Info:    [ResourceManager] Registering I2C interface: /dev/i2c-5 Device 10DE:2489 Subsystem: 10DE:153C
61    |Info:    ------------------------------------------------------
61    |Info:    |               Detecting I2C devices                |
61    |Info:    ------------------------------------------------------
864   |Info:    [Corsair Dominator Platinum] Registering RGB controller
887   |Info:    [Corsair Dominator Platinum] Registering RGB controller
1035  |Info:    ------------------------------------------------------
1035  |Info:    |            Detecting I2C DIMM modules              |
1035  |Info:    ------------------------------------------------------
1893  |Info:    [ResourceManager] Detected occupied slot 1, bus 6, type DDR4
3177  |Info:    [ResourceManager] Detected occupied slot 3, bus 6, type DDR4
4231  |Info:    ------------------------------------------------------
4231  |Info:    |               Detecting I2C PCI devices            |
4231  |Info:    ------------------------------------------------------
4233  |Info:    ------------------------------------------------------
4233  |Info:    |               Detecting HID devices                |
4233  |Info:    ------------------------------------------------------
4380  |Info:    [B550M DS3H] Registering RGB controller
4380  |Info:    ------------------------------------------------------
4380  |Info:    |            Detecting libusb HID devices            |
4380  |Info:    ------------------------------------------------------
4400  |Info:    ------------------------------------------------------
4400  |Info:    |              Detecting other devices               |
4400  |Info:    ------------------------------------------------------
4417  |Info:    [ResourceManager] Calling Post-detection callbacks
4417  |Info:    ------------------------------------------------------
4417  |Info:    |                Detection completed                 |
4417  |Info:    ------------------------------------------------------
493070|Info:    [ProfileManager] Profile loading: Succeeded for Corsair Dominator Platinum @ I2C: /dev/i2c-0, address 0x58
493070|Info:    [ProfileManager] Profile loading: Succeeded for Corsair Dominator Platinum @ I2C: /dev/i2c-0, address 0x5A
493070|Info:    [ProfileManager] Profile loading: Succeeded for B550M DS3H @ HID: /dev/hidraw2
