    OpenRGB v0.9+ (1.0rc2)
    Commit:  from 
    Launched: 20260201_223502
====================================================================================================

1     |Info:    [ProfileManager] Found file: tristannolan.orp attempting to validate header
2     |Info:    [ProfileManager] Valid v5 profile found for tristannolan
80    |Info:    [ResourceManager] Initializing HID interfaces: Success
80    |Info:    ------------------------------------------------------
80    |Info:    |               Start device detection               |
80    |Info:    ------------------------------------------------------
92    |Info:    ------------------------------------------------------
92    |Info:    |             Detecting I2C interfaces               |
92    |Info:    ------------------------------------------------------
92    |Info:    [ResourceManager] Registering I2C interface: /dev/i2c-3 Device 10DE:2489 Subsystem: 10DE:153C
92    |Info:    [ResourceManager] Registering I2C interface: /dev/i2c-1 Device 1022:790B Subsystem: 1458:5001
92    |Info:    [ResourceManager] Registering I2C interface: /dev/i2c-8 Device 10DE:2489 Subsystem: 10DE:153C
92    |Info:    [ResourceManager] Registering I2C interface: /dev/i2c-6 Device 10DE:2489 Subsystem: 10DE:153C
92    |Info:    [ResourceManager] Registering I2C interface: /dev/i2c-4 Device 10DE:2489 Subsystem: 10DE:153C
92    |Info:    [ResourceManager] Registering I2C interface: /dev/i2c-2 Device 1022:790B Subsystem: 1458:5001
92    |Info:    [ResourceManager] Registering I2C interface: /dev/i2c-0 Device 1022:790B Subsystem: 1458:5001
93    |Info:    [ResourceManager] Registering I2C interface: /dev/i2c-7 Device 10DE:2489 Subsystem: 10DE:153C
93    |Info:    [ResourceManager] Registering I2C interface: /dev/i2c-5 Device 10DE:2489 Subsystem: 10DE:153C
93    |Info:    ------------------------------------------------------
93    |Info:    |               Detecting I2C devices                |
93    |Info:    ------------------------------------------------------
880   |Info:    [Corsair Dominator Platinum] Registering RGB controller
903   |Info:    [Corsair Dominator Platinum] Registering RGB controller
1052  |Info:    ------------------------------------------------------
1052  |Info:    |            Detecting I2C DIMM modules              |
1052  |Info:    ------------------------------------------------------
1910  |Info:    [ResourceManager] Detected occupied slot 1, bus 6, type DDR4
3196  |Info:    [ResourceManager] Detected occupied slot 3, bus 6, type DDR4
4253  |Info:    ------------------------------------------------------
4253  |Info:    |               Detecting I2C PCI devices            |
4253  |Info:    ------------------------------------------------------
4254  |Info:    ------------------------------------------------------
4254  |Info:    |               Detecting HID devices                |
4254  |Info:    ------------------------------------------------------
4399  |Info:    [B550M DS3H] Registering RGB controller
4399  |Info:    ------------------------------------------------------
4399  |Info:    |            Detecting libusb HID devices            |
4399  |Info:    ------------------------------------------------------
4417  |Info:    ------------------------------------------------------
4417  |Info:    |              Detecting other devices               |
4417  |Info:    ------------------------------------------------------
4440  |Info:    [ResourceManager] Calling Post-detection callbacks
4440  |Info:    ------------------------------------------------------
4440  |Info:    |                Detection completed                 |
4440  |Info:    ------------------------------------------------------
4440  |Info:    [ProfileManager] Profile loading: Succeeded for Corsair Dominator Platinum @ I2C: /dev/i2c-0, address 0x58
4440  |Info:    [ProfileManager] Profile loading: Succeeded for Corsair Dominator Platinum @ I2C: /dev/i2c-0, address 0x5A
4440  |Info:    [ProfileManager] Profile loading: Succeeded for B550M DS3H @ HID: /dev/hidraw6
