    OpenRGB v0.9+ (1.0rc2)
    Commit:  from 
    Launched: 20260130_223809
====================================================================================================

1     |Info:    [ProfileManager] Found file: tristannolan.orp attempting to validate header
1     |Info:    [ProfileManager] Valid v5 profile found for tristannolan
68    |Info:    [ResourceManager] Initializing HID interfaces: Success
68    |Info:    ------------------------------------------------------
68    |Info:    |               Start device detection               |
68    |Info:    ------------------------------------------------------
79    |Info:    ------------------------------------------------------
79    |Info:    |             Detecting I2C interfaces               |
79    |Info:    ------------------------------------------------------
79    |Info:    [ResourceManager] Registering I2C interface: /dev/i2c-3 Device 10DE:2489 Subsystem: 10DE:153C
79    |Info:    [ResourceManager] Registering I2C interface: /dev/i2c-1 Device 1022:790B Subsystem: 1458:5001
79    |Info:    [ResourceManager] Registering I2C interface: /dev/i2c-8 Device 10DE:2489 Subsystem: 10DE:153C
80    |Info:    [ResourceManager] Registering I2C interface: /dev/i2c-6 Device 10DE:2489 Subsystem: 10DE:153C
80    |Info:    [ResourceManager] Registering I2C interface: /dev/i2c-4 Device 10DE:2489 Subsystem: 10DE:153C
80    |Info:    [ResourceManager] Registering I2C interface: /dev/i2c-2 Device 1022:790B Subsystem: 1458:5001
80    |Info:    [ResourceManager] Registering I2C interface: /dev/i2c-0 Device 1022:790B Subsystem: 1458:5001
80    |Info:    [ResourceManager] Registering I2C interface: /dev/i2c-7 Device 10DE:2489 Subsystem: 10DE:153C
80    |Info:    [ResourceManager] Registering I2C interface: /dev/i2c-5 Device 10DE:2489 Subsystem: 10DE:153C
80    |Info:    ------------------------------------------------------
80    |Info:    |               Detecting I2C devices                |
80    |Info:    ------------------------------------------------------
885   |Info:    [Corsair Dominator Platinum] Registering RGB controller
909   |Info:    [Corsair Dominator Platinum] Registering RGB controller
1057  |Info:    ------------------------------------------------------
1057  |Info:    |            Detecting I2C DIMM modules              |
1057  |Info:    ------------------------------------------------------
1917  |Info:    [ResourceManager] Detected occupied slot 1, bus 6, type DDR4
3202  |Info:    [ResourceManager] Detected occupied slot 3, bus 6, type DDR4
4255  |Info:    ------------------------------------------------------
4255  |Info:    |               Detecting I2C PCI devices            |
4255  |Info:    ------------------------------------------------------
4256  |Info:    ------------------------------------------------------
4256  |Info:    |               Detecting HID devices                |
4256  |Info:    ------------------------------------------------------
4403  |Info:    [B550M DS3H] Registering RGB controller
4403  |Info:    ------------------------------------------------------
4403  |Info:    |            Detecting libusb HID devices            |
4403  |Info:    ------------------------------------------------------
4424  |Info:    ------------------------------------------------------
4424  |Info:    |              Detecting other devices               |
4424  |Info:    ------------------------------------------------------
4447  |Info:    [ResourceManager] Calling Post-detection callbacks
4447  |Info:    ------------------------------------------------------
4447  |Info:    |                Detection completed                 |
4447  |Info:    ------------------------------------------------------
4447  |Info:    [ProfileManager] Profile loading: Succeeded for Corsair Dominator Platinum @ I2C: /dev/i2c-0, address 0x58
4447  |Info:    [ProfileManager] Profile loading: Succeeded for Corsair Dominator Platinum @ I2C: /dev/i2c-0, address 0x5A
4447  |Info:    [ProfileManager] Profile loading: Succeeded for B550M DS3H @ HID: /dev/hidraw6
