    OpenRGB v0.9+ (1.0rc2)
    Commit:  from 
    Launched: 20260131_194645
====================================================================================================

1     |Info:    [ProfileManager] Found file: tristannolan.orp attempting to validate header
1     |Info:    [ProfileManager] Valid v5 profile found for tristannolan
77    |Info:    [ResourceManager] Initializing HID interfaces: Success
77    |Info:    ------------------------------------------------------
77    |Info:    |               Start device detection               |
77    |Info:    ------------------------------------------------------
88    |Info:    ------------------------------------------------------
88    |Info:    |             Detecting I2C interfaces               |
88    |Info:    ------------------------------------------------------
88    |Info:    [ResourceManager] Registering I2C interface: /dev/i2c-3 Device 10DE:2489 Subsystem: 10DE:153C
88    |Info:    [ResourceManager] Registering I2C interface: /dev/i2c-1 Device 1022:790B Subsystem: 1458:5001
88    |Info:    [ResourceManager] Registering I2C interface: /dev/i2c-8 Device 10DE:2489 Subsystem: 10DE:153C
89    |Info:    [ResourceManager] Registering I2C interface: /dev/i2c-6 Device 10DE:2489 Subsystem: 10DE:153C
89    |Info:    [ResourceManager] Registering I2C interface: /dev/i2c-4 Device 10DE:2489 Subsystem: 10DE:153C
89    |Info:    [ResourceManager] Registering I2C interface: /dev/i2c-2 Device 1022:790B Subsystem: 1458:5001
89    |Info:    [ResourceManager] Registering I2C interface: /dev/i2c-0 Device 1022:790B Subsystem: 1458:5001
89    |Info:    [ResourceManager] Registering I2C interface: /dev/i2c-7 Device 10DE:2489 Subsystem: 10DE:153C
89    |Info:    [ResourceManager] Registering I2C interface: /dev/i2c-5 Device 10DE:2489 Subsystem: 10DE:153C
89    |Info:    ------------------------------------------------------
89    |Info:    |               Detecting I2C devices                |
89    |Info:    ------------------------------------------------------
874   |Info:    [Corsair Dominator Platinum] Registering RGB controller
897   |Info:    [Corsair Dominator Platinum] Registering RGB controller
1046  |Info:    ------------------------------------------------------
1046  |Info:    |            Detecting I2C DIMM modules              |
1046  |Info:    ------------------------------------------------------
1904  |Info:    [ResourceManager] Detected occupied slot 1, bus 6, type DDR4
3189  |Info:    [ResourceManager] Detected occupied slot 3, bus 6, type DDR4
4244  |Info:    ------------------------------------------------------
4244  |Info:    |               Detecting I2C PCI devices            |
4244  |Info:    ------------------------------------------------------
4245  |Info:    ------------------------------------------------------
4245  |Info:    |               Detecting HID devices                |
4245  |Info:    ------------------------------------------------------
4392  |Info:    [B550M DS3H] Registering RGB controller
4392  |Info:    ------------------------------------------------------
4392  |Info:    |            Detecting libusb HID devices            |
4392  |Info:    ------------------------------------------------------
4412  |Info:    ------------------------------------------------------
4412  |Info:    |              Detecting other devices               |
4412  |Info:    ------------------------------------------------------
4434  |Info:    [ResourceManager] Calling Post-detection callbacks
4434  |Info:    ------------------------------------------------------
4434  |Info:    |                Detection completed                 |
4434  |Info:    ------------------------------------------------------
4435  |Info:    [ProfileManager] Profile loading: Succeeded for Corsair Dominator Platinum @ I2C: /dev/i2c-0, address 0x58
4435  |Info:    [ProfileManager] Profile loading: Succeeded for Corsair Dominator Platinum @ I2C: /dev/i2c-0, address 0x5A
4435  |Info:    [ProfileManager] Profile loading: Succeeded for B550M DS3H @ HID: /dev/hidraw6
