    OpenRGB v0.9+ (1.0rc2)
    Commit:  from 
    Launched: 20260130_211700
====================================================================================================

53    |Info:    [ResourceManager] Initializing HID interfaces: Success
53    |Info:    ------------------------------------------------------
53    |Info:    |               Start device detection               |
53    |Info:    ------------------------------------------------------
60    |Info:    ------------------------------------------------------
60    |Info:    |             Detecting I2C interfaces               |
60    |Info:    ------------------------------------------------------
60    |Info:    [ResourceManager] Registering I2C interface: /dev/i2c-3 Device 10DE:2489 Subsystem: 10DE:153C
61    |Info:    [ResourceManager] Registering I2C interface: /dev/i2c-1 Device 10DE:2489 Subsystem: 10DE:153C
61    |Info:    [ResourceManager] Registering I2C interface: /dev/i2c-4 Device 10DE:2489 Subsystem: 10DE:153C
61    |Info:    [ResourceManager] Registering I2C interface: /dev/i2c-2 Device 10DE:2489 Subsystem: 10DE:153C
61    |Info:    [ResourceManager] Registering I2C interface: /dev/i2c-0 Device 10DE:2489 Subsystem: 10DE:153C
61    |Info:    [ResourceManager] Registering I2C interface: /dev/i2c-5 Device 10DE:2489 Subsystem: 10DE:153C
61    |Info:    ------------------------------------------------------
61    |Info:    |               Detecting I2C devices                |
61    |Info:    ------------------------------------------------------
61    |Info:    ------------------------------------------------------
61    |Info:    |            Detecting I2C DIMM modules              |
61    |Info:    ------------------------------------------------------
61    |Info:    ------------------------------------------------------
61    |Info:    |               Detecting I2C PCI devices            |
61    |Info:    ------------------------------------------------------
62    |Info:    ------------------------------------------------------
62    |Info:    |               Detecting HID devices                |
62    |Info:    ------------------------------------------------------
209   |Info:    [B550M DS3H] Registering RGB controller
209   |Info:    ------------------------------------------------------
209   |Info:    |            Detecting libusb HID devices            |
209   |Info:    ------------------------------------------------------
229   |Info:    ------------------------------------------------------
229   |Info:    |              Detecting other devices               |
229   |Info:    ------------------------------------------------------
246   |Info:    [ResourceManager] Calling Post-detection callbacks
246   |Info:    ------------------------------------------------------
246   |Info:    |                Detection completed                 |
246   |Info:    ------------------------------------------------------
