    OpenRGB v0.9+ (1.0rc2)
    Commit:  from 
    Launched: 20260202_124744
====================================================================================================

1     |Info:    [ProfileManager] Found file: tristannolan.orp attempting to validate header
2     |Info:    [ProfileManager] Valid v5 profile found for tristannolan
78    |Info:    [ResourceManager] Initializing HID interfaces: Success
78    |Info:    ------------------------------------------------------
78    |Info:    |               Start device detection               |
78    |Info:    ------------------------------------------------------
85    |Info:    ------------------------------------------------------
85    |Info:    |             Detecting I2C interfaces               |
85    |Info:    ------------------------------------------------------
85    |Info:    [ResourceManager] Registering I2C interface: /dev/i2c-3 Device 10DE:2489 Subsystem: 10DE:153C
85    |Info:    [ResourceManager] Registering I2C interface: /dev/i2c-1 Device 1022:790B Subsystem: 1458:5001
85    |Info:    [ResourceManager] Registering I2C interface: /dev/i2c-8 Device 10DE:2489 Subsystem: 10DE:153C
85    |Info:    [ResourceManager] Registering I2C interface: /dev/i2c-6 Device 10DE:2489 Subsystem: 10DE:153C
85    |Info:    [ResourceManager] Registering I2C interface: /dev/i2c-4 Device 10DE:2489 Subsystem: 10DE:153C
86    |Info:    [ResourceManager] Registering I2C interface: /dev/i2c-2 Device 1022:790B Subsystem: 1458:5001
86    |Info:    [ResourceManager] Registering I2C interface: /dev/i2c-0 Device 1022:790B Subsystem: 1458:5001
86    |Info:    [ResourceManager] Registering I2C interface: /dev/i2c-7 Device 10DE:2489 Subsystem: 10DE:153C
86    |Info:    [ResourceManager] Registering I2C interface: /dev/i2c-5 Device 10DE:2489 Subsystem: 10DE:153C
86    |Info:    ------------------------------------------------------
86    |Info:    |               Detecting I2C devices                |
86    |Info:    ------------------------------------------------------
874   |Info:    [Corsair Dominator Platinum] Registering RGB controller
897   |Info:    [Corsair Dominator Platinum] Registering RGB controller
1047  |Info:    ------------------------------------------------------
1047  |Info:    |            Detecting I2C DIMM modules              |
1047  |Info:    ------------------------------------------------------
1906  |Info:    [ResourceManager] Detected occupied slot 1, bus 6, type DDR4
3192  |Info:    [ResourceManager] Detected occupied slot 3, bus 6, type DDR4
4247  |Info:    ------------------------------------------------------
4247  |Info:    |               Detecting I2C PCI devices            |
4247  |Info:    ------------------------------------------------------
4248  |Info:    ------------------------------------------------------
4248  |Info:    |               Detecting HID devices                |
4248  |Info:    ------------------------------------------------------
4392  |Info:    [B550M DS3H] Registering RGB controller
4392  |Info:    ------------------------------------------------------
4392  |Info:    |            Detecting libusb HID devices            |
4392  |Info:    ------------------------------------------------------
4410  |Info:    ------------------------------------------------------
4410  |Info:    |              Detecting other devices               |
4410  |Info:    ------------------------------------------------------
4428  |Info:    [ResourceManager] Calling Post-detection callbacks
4428  |Info:    ------------------------------------------------------
4428  |Info:    |                Detection completed                 |
4428  |Info:    ------------------------------------------------------
4428  |Info:    [ProfileManager] Profile loading: Succeeded for Corsair Dominator Platinum @ I2C: /dev/i2c-0, address 0x58
4428  |Info:    [ProfileManager] Profile loading: Succeeded for Corsair Dominator Platinum @ I2C: /dev/i2c-0, address 0x5A
4428  |Info:    [ProfileManager] Profile loading: Succeeded for B550M DS3H @ HID: /dev/hidraw3
