    OpenRGB v0.9+ (1.0rc2)
    Commit:  from 
    Launched: 20260130_222940
====================================================================================================

1     |Info:    [ProfileManager] Found file: tristannolan.orp attempting to validate header
1     |Info:    [ProfileManager] Valid v5 profile found for tristannolan
76    |Info:    [ResourceManager] Initializing HID interfaces: Success
76    |Info:    ------------------------------------------------------
76    |Info:    |               Start device detection               |
76    |Info:    ------------------------------------------------------
84    |Info:    ------------------------------------------------------
84    |Info:    |             Detecting I2C interfaces               |
84    |Info:    ------------------------------------------------------
84    |Info:    [ResourceManager] Registering I2C interface: /dev/i2c-3 Device 10DE:2489 Subsystem: 10DE:153C
84    |Info:    [ResourceManager] Registering I2C interface: /dev/i2c-1 Device 1022:790B Subsystem: 1458:5001
84    |Info:    [ResourceManager] Registering I2C interface: /dev/i2c-8 Device 10DE:2489 Subsystem: 10DE:153C
84    |Info:    [ResourceManager] Registering I2C interface: /dev/i2c-6 Device 10DE:2489 Subsystem: 10DE:153C
84    |Info:    [ResourceManager] Registering I2C interface: /dev/i2c-4 Device 10DE:2489 Subsystem: 10DE:153C
84    |Info:    [ResourceManager] Registering I2C interface: /dev/i2c-2 Device 1022:790B Subsystem: 1458:5001
84    |Info:    [ResourceManager] Registering I2C interface: /dev/i2c-0 Device 1022:790B Subsystem: 1458:5001
84    |Info:    [ResourceManager] Registering I2C interface: /dev/i2c-7 Device 10DE:2489 Subsystem: 10DE:153C
84    |Info:    [ResourceManager] Registering I2C interface: /dev/i2c-5 Device 10DE:2489 Subsystem: 10DE:153C
84    |Info:    ------------------------------------------------------
84    |Info:    |               Detecting I2C devices                |
84    |Info:    ------------------------------------------------------
871   |Info:    [Corsair Dominator Platinum] Registering RGB controller
894   |Info:    [Corsair Dominator Platinum] Registering RGB controller
1043  |Info:    ------------------------------------------------------
1043  |Info:    |            Detecting I2C DIMM modules              |
1043  |Info:    ------------------------------------------------------
1902  |Info:    [ResourceManager] Detected occupied slot 1, bus 6, type DDR4
3181  |Info:    [ResourceManager] Detected occupied slot 3, bus 6, type DDR4
4235  |Info:    ------------------------------------------------------
4235  |Info:    |               Detecting I2C PCI devices            |
4235  |Info:    ------------------------------------------------------
4236  |Info:    ------------------------------------------------------
4236  |Info:    |               Detecting HID devices                |
4236  |Info:    ------------------------------------------------------
4384  |Info:    [B550M DS3H] Registering RGB controller
4384  |Info:    ------------------------------------------------------
4384  |Info:    |            Detecting libusb HID devices            |
4384  |Info:    ------------------------------------------------------
4404  |Info:    ------------------------------------------------------
4404  |Info:    |              Detecting other devices               |
4404  |Info:    ------------------------------------------------------
4425  |Info:    [ResourceManager] Calling Post-detection callbacks
4425  |Info:    ------------------------------------------------------
4425  |Info:    |                Detection completed                 |
4425  |Info:    ------------------------------------------------------
4425  |Info:    [ProfileManager] Profile loading: Succeeded for Corsair Dominator Platinum @ I2C: /dev/i2c-0, address 0x58
4425  |Info:    [ProfileManager] Profile loading: Succeeded for Corsair Dominator Platinum @ I2C: /dev/i2c-0, address 0x5A
4425  |Info:    [ProfileManager] Profile loading: Succeeded for B550M DS3H @ HID: /dev/hidraw2
