    OpenRGB v0.9+ (1.0rc2)
    Commit:  from 
    Launched: 20260130_213210
====================================================================================================

0     |Info:    [ProfileManager] Found file: tristannolan.orp attempting to validate header
0     |Info:    [ProfileManager] Valid v5 profile found for tristannolan
53    |Info:    [ResourceManager] Initializing HID interfaces: Success
53    |Info:    ------------------------------------------------------
53    |Info:    |               Start device detection               |
53    |Info:    ------------------------------------------------------
60    |Info:    ------------------------------------------------------
60    |Info:    |             Detecting I2C interfaces               |
60    |Info:    ------------------------------------------------------
60    |Info:    [ResourceManager] Registering I2C interface: /dev/i2c-3 Device 10DE:2489 Subsystem: 10DE:153C
60    |Info:    [ResourceManager] Registering I2C interface: /dev/i2c-1 Device 1022:790B Subsystem: 1458:5001
60    |Info:    [ResourceManager] Registering I2C interface: /dev/i2c-8 Device 10DE:2489 Subsystem: 10DE:153C
60    |Info:    [ResourceManager] Registering I2C interface: /dev/i2c-6 Device 10DE:2489 Subsystem: 10DE:153C
60    |Info:    [ResourceManager] Registering I2C interface: /dev/i2c-4 Device 10DE:2489 Subsystem: 10DE:153C
60    |Info:    [ResourceManager] Registering I2C interface: /dev/i2c-2 Device 1022:790B Subsystem: 1458:5001
60    |Info:    [ResourceManager] Registering I2C interface: /dev/i2c-0 Device 1022:790B Subsystem: 1458:5001
60    |Info:    [ResourceManager] Registering I2C interface: /dev/i2c-7 Device 10DE:2489 Subsystem: 10DE:153C
60    |Info:    [ResourceManager] Registering I2C interface: /dev/i2c-5 Device 10DE:2489 Subsystem: 10DE:153C
60    |Info:    ------------------------------------------------------
60    |Info:    |               Detecting I2C devices                |
60    |Info:    ------------------------------------------------------
867   |Info:    [Corsair Dominator Platinum] Registering RGB controller
890   |Info:    [Corsair Dominator Platinum] Registering RGB controller
1039  |Info:    ------------------------------------------------------
1039  |Info:    |            Detecting I2C DIMM modules              |
1039  |Info:    ------------------------------------------------------
1898  |Info:    [ResourceManager] Detected occupied slot 1, bus 6, type DDR4
3183  |Info:    [ResourceManager] Detected occupied slot 3, bus 6, type DDR4
4241  |Info:    ------------------------------------------------------
4241  |Info:    |               Detecting I2C PCI devices            |
4241  |Info:    ------------------------------------------------------
4242  |Info:    ------------------------------------------------------
4242  |Info:    |               Detecting HID devices                |
4242  |Info:    ------------------------------------------------------
4389  |Info:    [B550M DS3H] Registering RGB controller
4389  |Info:    ------------------------------------------------------
4389  |Info:    |            Detecting libusb HID devices            |
4389  |Info:    ------------------------------------------------------
4406  |Info:    ------------------------------------------------------
4406  |Info:    |              Detecting other devices               |
4406  |Info:    ------------------------------------------------------
4422  |Info:    [ResourceManager] Calling Post-detection callbacks
4422  |Info:    ------------------------------------------------------
4422  |Info:    |                Detection completed                 |
4422  |Info:    ------------------------------------------------------
127748|Info:    [ResourceManager] Initializing HID interfaces: Success
127748|Info:    ------------------------------------------------------
127748|Info:    |               Start device detection               |
127748|Info:    ------------------------------------------------------
127755|Info:    ------------------------------------------------------
127755|Info:    |             Detecting I2C interfaces               |
127755|Info:    ------------------------------------------------------
127755|Info:    [ResourceManager] Registering I2C interface: /dev/i2c-3 Device 10DE:2489 Subsystem: 10DE:153C
127755|Info:    [ResourceManager] Registering I2C interface: /dev/i2c-1 Device 1022:790B Subsystem: 1458:5001
127755|Info:    [ResourceManager] Registering I2C interface: /dev/i2c-8 Device 10DE:2489 Subsystem: 10DE:153C
127755|Info:    [ResourceManager] Registering I2C interface: /dev/i2c-6 Device 10DE:2489 Subsystem: 10DE:153C
127755|Info:    [ResourceManager] Registering I2C interface: /dev/i2c-4 Device 10DE:2489 Subsystem: 10DE:153C
127755|Info:    [ResourceManager] Registering I2C interface: /dev/i2c-2 Device 1022:790B Subsystem: 1458:5001
127756|Info:    [ResourceManager] Registering I2C interface: /dev/i2c-0 Device 1022:790B Subsystem: 1458:5001
127756|Info:    [ResourceManager] Registering I2C interface: /dev/i2c-7 Device 10DE:2489 Subsystem: 10DE:153C
127756|Info:    [ResourceManager] Registering I2C interface: /dev/i2c-5 Device 10DE:2489 Subsystem: 10DE:153C
127756|Info:    ------------------------------------------------------
127756|Info:    |               Detecting I2C devices                |
127756|Info:    ------------------------------------------------------
128548|Info:    [Corsair Dominator Platinum] Registering RGB controller
128571|Info:    [Corsair Dominator Platinum] Registering RGB controller
128720|Info:    ------------------------------------------------------
128720|Info:    |            Detecting I2C DIMM modules              |
128720|Info:    ------------------------------------------------------
129578|Info:    [ResourceManager] Detected occupied slot 1, bus 6, type DDR4
130864|Info:    [ResourceManager] Detected occupied slot 3, bus 6, type DDR4
131922|Info:    ------------------------------------------------------
131922|Info:    |               Detecting I2C PCI devices            |
131922|Info:    ------------------------------------------------------
131923|Info:    ------------------------------------------------------
131923|Info:    |               Detecting HID devices                |
131923|Info:    ------------------------------------------------------
132070|Info:    [B550M DS3H] Registering RGB controller
132070|Info:    ------------------------------------------------------
132070|Info:    |            Detecting libusb HID devices            |
132070|Info:    ------------------------------------------------------
132084|Info:    ------------------------------------------------------
132084|Info:    |              Detecting other devices               |
132084|Info:    ------------------------------------------------------
132091|Info:    [ResourceManager] Calling Post-detection callbacks
132091|Info:    ------------------------------------------------------
132091|Info:    |                Detection completed                 |
132091|Info:    ------------------------------------------------------
189485|Info:    [ProfileManager] Found file: tristannolan.orp attempting to validate header
189485|Info:    [ProfileManager] Valid v5 profile found for tristannolan
