    OpenRGB v0.9+ (1.0rc2)
    Commit:  from 
    Launched: 20260130_221753
====================================================================================================

0     |Info:    [ProfileManager] Found file: tristannolan.orp attempting to validate header
0     |Info:    [ProfileManager] Valid v5 profile found for tristannolan
52    |Info:    [ResourceManager] Initializing HID interfaces: Success
52    |Info:    ------------------------------------------------------
52    |Info:    |               Start device detection               |
52    |Info:    ------------------------------------------------------
59    |Info:    ------------------------------------------------------
59    |Info:    |             Detecting I2C interfaces               |
59    |Info:    ------------------------------------------------------
59    |Info:    [ResourceManager] Registering I2C interface: /dev/i2c-3 Device 10DE:2489 Subsystem: 10DE:153C
59    |Info:    [ResourceManager] Registering I2C interface: /dev/i2c-1 Device 1022:790B Subsystem: 1458:5001
59    |Info:    [ResourceManager] Registering I2C interface: /dev/i2c-8 Device 10DE:2489 Subsystem: 10DE:153C
60    |Info:    [ResourceManager] Registering I2C interface: /dev/i2c-6 Device 10DE:2489 Subsystem: 10DE:153C
60    |Info:    [ResourceManager] Registering I2C interface: /dev/i2c-4 Device 10DE:2489 Subsystem: 10DE:153C
60    |Info:    [ResourceManager] Registering I2C interface: /dev/i2c-2 Device 1022:790B Subsystem: 1458:5001
60    |Info:    [ResourceManager] Registering I2C interface: /dev/i2c-0 Device 1022:790B Subsystem: 1458:5001
60    |Info:    [ResourceManager] Registering I2C interface: /dev/i2c-7 Device 10DE:2489 Subsystem: 10DE:153C
60    |Info:    [ResourceManager] Registering I2C interface: /dev/i2c-5 Device 10DE:2489 Subsystem: 10DE:153C
60    |Info:    ------------------------------------------------------
60    |Info:    |               Detecting I2C devices                |
60    |Info:    ------------------------------------------------------
839   |Info:    [Corsair Dominator Platinum] Registering RGB controller
862   |Info:    [Corsair Dominator Platinum] Registering RGB controller
1009  |Info:    ------------------------------------------------------
1009  |Info:    |            Detecting I2C DIMM modules              |
1009  |Info:    ------------------------------------------------------
1867  |Info:    [ResourceManager] Detected occupied slot 1, bus 6, type DDR4
3149  |Info:    [ResourceManager] Detected occupied slot 3, bus 6, type DDR4
4204  |Info:    ------------------------------------------------------
4204  |Info:    |               Detecting I2C PCI devices            |
4204  |Info:    ------------------------------------------------------
4206  |Info:    ------------------------------------------------------
4206  |Info:    |               Detecting HID devices                |
4206  |Info:    ------------------------------------------------------
4301  |Info:    [B550M DS3H] Registering RGB controller
4301  |Info:    ------------------------------------------------------
4301  |Info:    |            Detecting libusb HID devices            |
4301  |Info:    ------------------------------------------------------
4322  |Info:    ------------------------------------------------------
4322  |Info:    |              Detecting other devices               |
4322  |Info:    ------------------------------------------------------
4338  |Info:    [ResourceManager] Calling Post-detection callbacks
4338  |Info:    ------------------------------------------------------
4338  |Info:    |                Detection completed                 |
4338  |Info:    ------------------------------------------------------
4338  |Info:    [ProfileManager] Profile loading: FAILED! for Corsair Dominator Platinum @ I2C: /dev/i2c-0, address 0x58
4338  |Info:    [ProfileManager] Profile loading: FAILED! for Corsair Dominator Platinum @ I2C: /dev/i2c-0, address 0x5A
4338  |Info:    [ProfileManager] Profile loading: FAILED! for B550M DS3H @ HID: /dev/hidraw2
