    OpenRGB v0.9+ (1.0rc2)
    Commit:  from 
    Launched: 20260202_103922
====================================================================================================

1     |Info:    [ProfileManager] Found file: tristannolan.orp attempting to validate header
1     |Info:    [ProfileManager] Valid v5 profile found for tristannolan
79    |Info:    [ResourceManager] Initializing HID interfaces: Success
79    |Info:    ------------------------------------------------------
79    |Info:    |               Start device detection               |
79    |Info:    ------------------------------------------------------
86    |Info:    ------------------------------------------------------
86    |Info:    |             Detecting I2C interfaces               |
86    |Info:    ------------------------------------------------------
86    |Info:    [ResourceManager] Registering I2C interface: /dev/i2c-3 Device 10DE:2489 Subsystem: 10DE:153C
86    |Info:    [ResourceManager] Registering I2C interface: /dev/i2c-1 Device 1022:790B Subsystem: 1458:5001
86    |Info:    [ResourceManager] Registering I2C interface: /dev/i2c-8 Device 10DE:2489 Subsystem: 10DE:153C
86    |Info:    [ResourceManager] Registering I2C interface: /dev/i2c-6 Device 10DE:2489 Subsystem: 10DE:153C
86    |Info:    [ResourceManager] Registering I2C interface: /dev/i2c-4 Device 10DE:2489 Subsystem: 10DE:153C
86    |Info:    [ResourceManager] Registering I2C interface: /dev/i2c-2 Device 1022:790B Subsystem: 1458:5001
86    |Info:    [ResourceManager] Registering I2C interface: /dev/i2c-0 Device 1022:790B Subsystem: 1458:5001
86    |Info:    [ResourceManager] Registering I2C interface: /dev/i2c-7 Device 10DE:2489 Subsystem: 10DE:153C
86    |Info:    [ResourceManager] Registering I2C interface: /dev/i2c-5 Device 10DE:2489 Subsystem: 10DE:153C
86    |Info:    ------------------------------------------------------
86    |Info:    |               Detecting I2C devices                |
86    |Info:    ------------------------------------------------------
866   |Info:    [Corsair Dominator Platinum] Registering RGB controller
889   |Info:    [Corsair Dominator Platinum] Registering RGB controller
1035  |Info:    ------------------------------------------------------
1035  |Info:    |            Detecting I2C DIMM modules              |
1035  |Info:    ------------------------------------------------------
1891  |Info:    [ResourceManager] Detected occupied slot 1, bus 6, type DDR4
3176  |Info:    [ResourceManager] Detected occupied slot 3, bus 6, type DDR4
4230  |Info:    ------------------------------------------------------
4230  |Info:    |               Detecting I2C PCI devices            |
4230  |Info:    ------------------------------------------------------
4232  |Info:    ------------------------------------------------------
4232  |Info:    |               Detecting HID devices                |
4232  |Info:    ------------------------------------------------------
4380  |Info:    [B550M DS3H] Registering RGB controller
4380  |Info:    ------------------------------------------------------
4380  |Info:    |            Detecting libusb HID devices            |
4380  |Info:    ------------------------------------------------------
4397  |Info:    ------------------------------------------------------
4397  |Info:    |              Detecting other devices               |
4397  |Info:    ------------------------------------------------------
4416  |Info:    [ResourceManager] Calling Post-detection callbacks
4416  |Info:    ------------------------------------------------------
4416  |Info:    |                Detection completed                 |
4416  |Info:    ------------------------------------------------------
4417  |Info:    [ProfileManager] Profile loading: Succeeded for Corsair Dominator Platinum @ I2C: /dev/i2c-0, address 0x58
4417  |Info:    [ProfileManager] Profile loading: Succeeded for Corsair Dominator Platinum @ I2C: /dev/i2c-0, address 0x5A
4417  |Info:    [ProfileManager] Profile loading: Succeeded for B550M DS3H @ HID: /dev/hidraw3
