    OpenRGB v0.9+ (1.0rc2)
    Commit:  from 
    Launched: 20260130_230831
====================================================================================================

0     |Info:    [ProfileManager] Found file: tristannolan.orp attempting to validate header
0     |Info:    [ProfileManager] Valid v5 profile found for tristannolan
52    |Info:    [ResourceManager] Initializing HID interfaces: Success
52    |Info:    ------------------------------------------------------
52    |Info:    |               Start device detection               |
52    |Info:    ------------------------------------------------------
65    |Info:    ------------------------------------------------------
65    |Info:    |             Detecting I2C interfaces               |
65    |Info:    ------------------------------------------------------
65    |Info:    [ResourceManager] Registering I2C interface: /dev/i2c-3 Device 10DE:2489 Subsystem: 10DE:153C
65    |Info:    [ResourceManager] Registering I2C interface: /dev/i2c-1 Device 1022:790B Subsystem: 1458:5001
65    |Info:    [ResourceManager] Registering I2C interface: /dev/i2c-8 Device 10DE:2489 Subsystem: 10DE:153C
65    |Info:    [ResourceManager] Registering I2C interface: /dev/i2c-6 Device 10DE:2489 Subsystem: 10DE:153C
65    |Info:    [ResourceManager] Registering I2C interface: /dev/i2c-4 Device 10DE:2489 Subsystem: 10DE:153C
65    |Info:    [ResourceManager] Registering I2C interface: /dev/i2c-2 Device 1022:790B Subsystem: 1458:5001
65    |Info:    [ResourceManager] Registering I2C interface: /dev/i2c-0 Device 1022:790B Subsystem: 1458:5001
65    |Info:    [ResourceManager] Registering I2C interface: /dev/i2c-7 Device 10DE:2489 Subsystem: 10DE:153C
65    |Info:    [ResourceManager] Registering I2C interface: /dev/i2c-5 Device 10DE:2489 Subsystem: 10DE:153C
65    |Info:    ------------------------------------------------------
65    |Info:    |               Detecting I2C devices                |
65    |Info:    ------------------------------------------------------
850   |Info:    [Corsair Dominator Platinum] Registering RGB controller
873   |Info:    [Corsair Dominator Platinum] Registering RGB controller
1020  |Info:    ------------------------------------------------------
1020  |Info:    |            Detecting I2C DIMM modules              |
1020  |Info:    ------------------------------------------------------
1879  |Info:    [ResourceManager] Detected occupied slot 1, bus 6, type DDR4
3165  |Info:    [ResourceManager] Detected occupied slot 3, bus 6, type DDR4
4219  |Info:    ------------------------------------------------------
4219  |Info:    |               Detecting I2C PCI devices            |
4219  |Info:    ------------------------------------------------------
4220  |Info:    ------------------------------------------------------
4220  |Info:    |               Detecting HID devices                |
4220  |Info:    ------------------------------------------------------
4315  |Info:    [B550M DS3H] Registering RGB controller
4315  |Info:    ------------------------------------------------------
4315  |Info:    |            Detecting libusb HID devices            |
4315  |Info:    ------------------------------------------------------
4337  |Info:    ------------------------------------------------------
4337  |Info:    |              Detecting other devices               |
4337  |Info:    ------------------------------------------------------
4354  |Info:    [ResourceManager] Calling Post-detection callbacks
4354  |Info:    ------------------------------------------------------
4354  |Info:    |                Detection completed                 |
4354  |Info:    ------------------------------------------------------
