    OpenRGB v0.9+ (1.0rc2)
    Commit:  from 
    Launched: 20260202_124824
====================================================================================================

1     |Info:    [ProfileManager] Found file: tristannolan.orp attempting to validate header
1     |Info:    [ProfileManager] Valid v5 profile found for tristannolan
79    |Info:    [ResourceManager] Initializing HID interfaces: Success
79    |Info:    ------------------------------------------------------
79    |Info:    |               Start device detection               |
79    |Info:    ------------------------------------------------------
87    |Info:    ------------------------------------------------------
87    |Info:    |             Detecting I2C interfaces               |
87    |Info:    ------------------------------------------------------
87    |Info:    [ResourceManager] Registering I2C interface: /dev/i2c-3 Device 10DE:2489 Subsystem: 10DE:153C
87    |Info:    [ResourceManager] Registering I2C interface: /dev/i2c-1 Device 1022:790B Subsystem: 1458:5001
87    |Info:    [ResourceManager] Registering I2C interface: /dev/i2c-8 Device 10DE:2489 Subsystem: 10DE:153C
88    |Info:    [ResourceManager] Registering I2C interface: /dev/i2c-6 Device 10DE:2489 Subsystem: 10DE:153C
88    |Info:    [ResourceManager] Registering I2C interface: /dev/i2c-4 Device 10DE:2489 Subsystem: 10DE:153C
88    |Info:    [ResourceManager] Registering I2C interface: /dev/i2c-2 Device 1022:790B Subsystem: 1458:5001
88    |Info:    [ResourceManager] Registering I2C interface: /dev/i2c-0 Device 1022:790B Subsystem: 1458:5001
88    |Info:    [ResourceManager] Registering I2C interface: /dev/i2c-7 Device 10DE:2489 Subsystem: 10DE:153C
88    |Info:    [ResourceManager] Registering I2C interface: /dev/i2c-5 Device 10DE:2489 Subsystem: 10DE:153C
88    |Info:    ------------------------------------------------------
88    |Info:    |               Detecting I2C devices                |
88    |Info:    ------------------------------------------------------
867   |Info:    [Corsair Dominator Platinum] Registering RGB controller
889   |Info:    [Corsair Dominator Platinum] Registering RGB controller
1037  |Info:    ------------------------------------------------------
1037  |Info:    |            Detecting I2C DIMM modules              |
1037  |Info:    ------------------------------------------------------
1895  |Info:    [ResourceManager] Detected occupied slot 1, bus 6, type DDR4
3181  |Info:    [ResourceManager] Detected occupied slot 3, bus 6, type DDR4
4235  |Info:    ------------------------------------------------------
4235  |Info:    |               Detecting I2C PCI devices            |
4235  |Info:    ------------------------------------------------------
4237  |Info:    ------------------------------------------------------
4237  |Info:    |               Detecting HID devices                |
4237  |Info:    ------------------------------------------------------
4384  |Info:    [B550M DS3H] Registering RGB controller
4384  |Info:    ------------------------------------------------------
4384  |Info:    |            Detecting libusb HID devices            |
4384  |Info:    ------------------------------------------------------
4400  |Info:    ------------------------------------------------------
4400  |Info:    |              Detecting other devices               |
4400  |Info:    ------------------------------------------------------
4417  |Info:    [ResourceManager] Calling Post-detection callbacks
4417  |Info:    ------------------------------------------------------
4417  |Info:    |                Detection completed                 |
4417  |Info:    ------------------------------------------------------
4418  |Info:    [ProfileManager] Profile loading: Succeeded for Corsair Dominator Platinum @ I2C: /dev/i2c-0, address 0x58
4418  |Info:    [ProfileManager] Profile loading: Succeeded for Corsair Dominator Platinum @ I2C: /dev/i2c-0, address 0x5A
4418  |Info:    [ProfileManager] Profile loading: Succeeded for B550M DS3H @ HID: /dev/hidraw3
