    OpenRGB v0.9+ (1.0rc2)
    Commit:  from 
    Launched: 20260130_212851
====================================================================================================

68    |Info:    [ResourceManager] Initializing HID interfaces: Success
68    |Info:    ------------------------------------------------------
68    |Info:    |               Start device detection               |
68    |Info:    ------------------------------------------------------
76    |Info:    ------------------------------------------------------
76    |Info:    |             Detecting I2C interfaces               |
76    |Info:    ------------------------------------------------------
77    |Info:    [ResourceManager] Registering I2C interface: /dev/i2c-3 Device 10DE:2489 Subsystem: 10DE:153C
77    |Info:    [ResourceManager] Registering I2C interface: /dev/i2c-1 Device 1022:790B Subsystem: 1458:5001
77    |Info:    [ResourceManager] Registering I2C interface: /dev/i2c-8 Device 10DE:2489 Subsystem: 10DE:153C
77    |Info:    [ResourceManager] Registering I2C interface: /dev/i2c-6 Device 10DE:2489 Subsystem: 10DE:153C
77    |Info:    [ResourceManager] Registering I2C interface: /dev/i2c-4 Device 10DE:2489 Subsystem: 10DE:153C
77    |Info:    [ResourceManager] Registering I2C interface: /dev/i2c-2 Device 1022:790B Subsystem: 1458:5001
78    |Info:    [ResourceManager] Registering I2C interface: /dev/i2c-0 Device 1022:790B Subsystem: 1458:5001
78    |Info:    [ResourceManager] Registering I2C interface: /dev/i2c-7 Device 10DE:2489 Subsystem: 10DE:153C
78    |Info:    [ResourceManager] Registering I2C interface: /dev/i2c-5 Device 10DE:2489 Subsystem: 10DE:153C
78    |Info:    ------------------------------------------------------
78    |Info:    |               Detecting I2C devices                |
78    |Info:    ------------------------------------------------------
881   |Info:    [Corsair Dominator Platinum] Registering RGB controller
904   |Info:    [Corsair Dominator Platinum] Registering RGB controller
1053  |Info:    ------------------------------------------------------
1053  |Info:    |            Detecting I2C DIMM modules              |
1053  |Info:    ------------------------------------------------------
1911  |Info:    [ResourceManager] Detected occupied slot 1, bus 6, type DDR4
3196  |Info:    [ResourceManager] Detected occupied slot 3, bus 6, type DDR4
4254  |Info:    ------------------------------------------------------
4254  |Info:    |               Detecting I2C PCI devices            |
4254  |Info:    ------------------------------------------------------
4255  |Info:    ------------------------------------------------------
4255  |Info:    |               Detecting HID devices                |
4255  |Info:    ------------------------------------------------------
4404  |Info:    [B550M DS3H] Registering RGB controller
4404  |Info:    ------------------------------------------------------
4404  |Info:    |            Detecting libusb HID devices            |
4404  |Info:    ------------------------------------------------------
4423  |Info:    ------------------------------------------------------
4423  |Info:    |              Detecting other devices               |
4423  |Info:    ------------------------------------------------------
4445  |Info:    [ResourceManager] Calling Post-detection callbacks
4445  |Info:    ------------------------------------------------------
4445  |Info:    |                Detection completed                 |
4445  |Info:    ------------------------------------------------------
186950|Info:    [ProfileManager] Found file: tristannolan.orp attempting to validate header
186950|Info:    [ProfileManager] Valid v5 profile found for tristannolan
